[0.957s] Invoking command in '/home/fernando/AdR/p2_ws/src/p2_kf_adr': PYTHONPATH=/home/fernando/AdR/p2_ws/build/p2_kf_adr/prefix_override:/usr/lib/python3/dist-packages/colcon_core/task/python/colcon_distutils_commands:/home/fernando/AdR/p2_ws/install/p2_kf_adr/lib/python3.10/site-packages:${PYTHONPATH} /usr/bin/python3 -W ignore:setup.py install is deprecated -W ignore:easy_install command is deprecated setup.py egg_info --egg-base ../../build/p2_kf_adr build --build-base /home/fernando/AdR/p2_ws/build/p2_kf_adr/build install --record /home/fernando/AdR/p2_ws/build/p2_kf_adr/install.log --single-version-externally-managed install_data
[1.309s] running egg_info
[1.310s] writing ../../build/p2_kf_adr/p2_kf_adr.egg-info/PKG-INFO
[1.310s] writing dependency_links to ../../build/p2_kf_adr/p2_kf_adr.egg-info/dependency_links.txt
[1.311s] writing entry points to ../../build/p2_kf_adr/p2_kf_adr.egg-info/entry_points.txt
[1.311s] writing requirements to ../../build/p2_kf_adr/p2_kf_adr.egg-info/requires.txt
[1.311s] writing top-level names to ../../build/p2_kf_adr/p2_kf_adr.egg-info/top_level.txt
[1.313s] reading manifest file '../../build/p2_kf_adr/p2_kf_adr.egg-info/SOURCES.txt'
[1.314s] writing manifest file '../../build/p2_kf_adr/p2_kf_adr.egg-info/SOURCES.txt'
[1.314s] running build
[1.314s] running build_py
[1.315s] copying p2_kf_adr/sensor_utils.py -> /home/fernando/AdR/p2_ws/build/p2_kf_adr/build/lib/p2_kf_adr
[1.315s] running install
[1.316s] running install_lib
[1.317s] copying /home/fernando/AdR/p2_ws/build/p2_kf_adr/build/lib/p2_kf_adr/sensor_utils.py -> /home/fernando/AdR/p2_ws/install/p2_kf_adr/lib/python3.10/site-packages/p2_kf_adr
[1.318s] byte-compiling /home/fernando/AdR/p2_ws/install/p2_kf_adr/lib/python3.10/site-packages/p2_kf_adr/sensor_utils.py to sensor_utils.cpython-310.pyc
[1.319s] running install_data
[1.319s] running install_egg_info
[1.321s] removing '/home/fernando/AdR/p2_ws/install/p2_kf_adr/lib/python3.10/site-packages/p2_kf_adr-0.0.0-py3.10.egg-info' (and everything under it)
[1.321s] Copying ../../build/p2_kf_adr/p2_kf_adr.egg-info to /home/fernando/AdR/p2_ws/install/p2_kf_adr/lib/python3.10/site-packages/p2_kf_adr-0.0.0-py3.10.egg-info
[1.322s] running install_scripts
[1.359s] Installing kf_estimation script to /home/fernando/AdR/p2_ws/install/p2_kf_adr/lib/p2_kf_adr
[1.360s] Installing kf_estimation_vel script to /home/fernando/AdR/p2_ws/install/p2_kf_adr/lib/p2_kf_adr
[1.360s] writing list of installed files to '/home/fernando/AdR/p2_ws/build/p2_kf_adr/install.log'
[1.396s] Invoked command in '/home/fernando/AdR/p2_ws/src/p2_kf_adr' returned '0': PYTHONPATH=/home/fernando/AdR/p2_ws/build/p2_kf_adr/prefix_override:/usr/lib/python3/dist-packages/colcon_core/task/python/colcon_distutils_commands:/home/fernando/AdR/p2_ws/install/p2_kf_adr/lib/python3.10/site-packages:${PYTHONPATH} /usr/bin/python3 -W ignore:setup.py install is deprecated -W ignore:easy_install command is deprecated setup.py egg_info --egg-base ../../build/p2_kf_adr build --build-base /home/fernando/AdR/p2_ws/build/p2_kf_adr/build install --record /home/fernando/AdR/p2_ws/build/p2_kf_adr/install.log --single-version-externally-managed install_data
