[0.928s] Invoking command in '/home/fernando/AdR/p2_ws/src/p2_kf_adr': PYTHONPATH=/home/fernando/AdR/p2_ws/build/p2_kf_adr/prefix_override:/usr/lib/python3/dist-packages/colcon_core/task/python/colcon_distutils_commands:/home/fernando/AdR/p2_ws/install/p2_kf_adr/lib/python3.10/site-packages:${PYTHONPATH} /usr/bin/python3 -W ignore:setup.py install is deprecated -W ignore:easy_install command is deprecated setup.py egg_info --egg-base ../../build/p2_kf_adr build --build-base /home/fernando/AdR/p2_ws/build/p2_kf_adr/build install --record /home/fernando/AdR/p2_ws/build/p2_kf_adr/install.log --single-version-externally-managed install_data
[1.270s] running egg_info
[1.271s] writing ../../build/p2_kf_adr/p2_kf_adr.egg-info/PKG-INFO
[1.271s] writing dependency_links to ../../build/p2_kf_adr/p2_kf_adr.egg-info/dependency_links.txt
[1.273s] writing entry points to ../../build/p2_kf_adr/p2_kf_adr.egg-info/entry_points.txt
[1.273s] writing requirements to ../../build/p2_kf_adr/p2_kf_adr.egg-info/requires.txt
[1.273s] writing top-level names to ../../build/p2_kf_adr/p2_kf_adr.egg-info/top_level.txt
[1.275s] reading manifest file '../../build/p2_kf_adr/p2_kf_adr.egg-info/SOURCES.txt'
[1.276s] writing manifest file '../../build/p2_kf_adr/p2_kf_adr.egg-info/SOURCES.txt'
[1.276s] running build
[1.277s] running build_py
[1.277s] copying p2_kf_adr/kf_estimation_vel.py -> /home/fernando/AdR/p2_ws/build/p2_kf_adr/build/lib/p2_kf_adr
[1.278s] running install
[1.278s] running install_lib
[1.280s] copying /home/fernando/AdR/p2_ws/build/p2_kf_adr/build/lib/p2_kf_adr/kf_estimation_vel.py -> /home/fernando/AdR/p2_ws/install/p2_kf_adr/lib/python3.10/site-packages/p2_kf_adr
[1.284s] byte-compiling /home/fernando/AdR/p2_ws/install/p2_kf_adr/lib/python3.10/site-packages/p2_kf_adr/kf_estimation_vel.py to kf_estimation_vel.cpython-310.pyc
[1.287s] running install_data
[1.287s] running install_egg_info
[1.292s] removing '/home/fernando/AdR/p2_ws/install/p2_kf_adr/lib/python3.10/site-packages/p2_kf_adr-0.0.0-py3.10.egg-info' (and everything under it)
[1.292s] Copying ../../build/p2_kf_adr/p2_kf_adr.egg-info to /home/fernando/AdR/p2_ws/install/p2_kf_adr/lib/python3.10/site-packages/p2_kf_adr-0.0.0-py3.10.egg-info
[1.293s] running install_scripts
[1.322s] Installing kf_estimation script to /home/fernando/AdR/p2_ws/install/p2_kf_adr/lib/p2_kf_adr
[1.322s] Installing kf_estimation_vel script to /home/fernando/AdR/p2_ws/install/p2_kf_adr/lib/p2_kf_adr
[1.322s] writing list of installed files to '/home/fernando/AdR/p2_ws/build/p2_kf_adr/install.log'
[1.373s] Invoked command in '/home/fernando/AdR/p2_ws/src/p2_kf_adr' returned '0': PYTHONPATH=/home/fernando/AdR/p2_ws/build/p2_kf_adr/prefix_override:/usr/lib/python3/dist-packages/colcon_core/task/python/colcon_distutils_commands:/home/fernando/AdR/p2_ws/install/p2_kf_adr/lib/python3.10/site-packages:${PYTHONPATH} /usr/bin/python3 -W ignore:setup.py install is deprecated -W ignore:easy_install command is deprecated setup.py egg_info --egg-base ../../build/p2_kf_adr build --build-base /home/fernando/AdR/p2_ws/build/p2_kf_adr/build install --record /home/fernando/AdR/p2_ws/build/p2_kf_adr/install.log --single-version-externally-managed install_data
